<?xml version="1.0" encoding="UTF-8"?>
<testsuite name="io.litterat.test.core.MixedImmutableTest" tests="4" skipped="0" failures="1" errors="0" timestamp="2025-01-02T01:06:28" hostname="Davids-MacBook-Air-2.local" time="0.009">
  <properties/>
  <testcase name="testMapToObjectException()" classname="io.litterat.test.core.MixedImmutableTest" time="0.003">
    <failure message="org.opentest4j.AssertionFailedError: Unexpected exception type thrown, expected: &lt;io.litterat.core.TypeException&gt; but was: &lt;io.litterat.bind.DataBindException&gt;" type="org.opentest4j.AssertionFailedError">org.opentest4j.AssertionFailedError: Unexpected exception type thrown, expected: &lt;io.litterat.core.TypeException&gt; but was: &lt;io.litterat.bind.DataBindException&gt;
	at app/org.junit.jupiter.api@5.11.4/org.junit.jupiter.api.AssertionFailureBuilder.build(AssertionFailureBuilder.java:151)
	at app/org.junit.jupiter.api@5.11.4/org.junit.jupiter.api.AssertThrows.assertThrows(AssertThrows.java:67)
	at app/org.junit.jupiter.api@5.11.4/org.junit.jupiter.api.AssertThrows.assertThrows(AssertThrows.java:35)
	at app/org.junit.jupiter.api@5.11.4/org.junit.jupiter.api.Assertions.assertThrows(Assertions.java:3128)
	at app/io.litterat.test.core/io.litterat.test.core.MixedImmutableTest.testMapToObjectException(MixedImmutableTest.java:125)
	at java.base@23.0.1/java.lang.reflect.Method.invoke(Method.java:580)
	at java.base@23.0.1/java.util.ArrayList.forEach(ArrayList.java:1597)
	at java.base@23.0.1/java.util.ArrayList.forEach(ArrayList.java:1597)
Caused by: io.litterat.bind.DataBindException: Failed to convert Map to class io.litterat.test.core.data.MixedImmutable.
	at app/io.litterat.bind/io.litterat.bind.mapper.MapMapper.toObject(MapMapper.java:204)
	at app/io.litterat.bind/io.litterat.bind.mapper.MapMapper.toObject(MapMapper.java:124)
	at app/io.litterat.test.core/io.litterat.test.core.MixedImmutableTest.lambda$testMapToObjectException$0(MixedImmutableTest.java:126)
	at app/org.junit.jupiter.api@5.11.4/org.junit.jupiter.api.AssertThrows.assertThrows(AssertThrows.java:53)
	... 6 more
Caused by: io.litterat.bind.DataBindException: Failed to convert Map to int.
	at app/io.litterat.bind/io.litterat.bind.mapper.MapMapper.toObject(MapMapper.java:204)
	at app/io.litterat.bind/io.litterat.bind.mapper.MapMapper.toObject(MapMapper.java:154)
	... 9 more
Caused by: java.lang.ClassCastException: class java.lang.String cannot be cast to class java.lang.Number (java.lang.String and java.lang.Number are in module java.base of loader 'bootstrap')
	at java.base/sun.invoke.util.ValueConversions.primitiveConversion(ValueConversions.java:247)
	at java.base/sun.invoke.util.ValueConversions.unboxInteger(ValueConversions.java:81)
	at io.litterat.bind/io.litterat.bind.mapper.MapMapper.toObject(MapMapper.java:135)
	... 10 more
</failure>
  </testcase>
  <testcase name="testToArray()" classname="io.litterat.test.core.MixedImmutableTest" time="0.002"/>
  <testcase name="testToMap()" classname="io.litterat.test.core.MixedImmutableTest" time="0.002"/>
  <testcase name="checkDescriptor()" classname="io.litterat.test.core.MixedImmutableTest" time="0.001"/>
  <system-out><![CDATA[[1, 2, foo]
]]></system-out>
  <system-err><![CDATA[]]></system-err>
</testsuite>
