<?xml version="1.0" encoding="UTF-8"?>
<testsuite name="io.litterat.test.core.SealedInterfaceUnionTest" tests="4" skipped="0" failures="1" errors="0" timestamp="2025-01-02T01:06:28" hostname="Davids-MacBook-Air-2.local" time="0.012">
  <properties/>
  <testcase name="testMapToObjectException()" classname="io.litterat.test.core.SealedInterfaceUnionTest" time="0.004">
    <failure message="org.opentest4j.AssertionFailedError: Unexpected exception type thrown, expected: &lt;io.litterat.core.TypeException&gt; but was: &lt;io.litterat.bind.DataBindException&gt;" type="org.opentest4j.AssertionFailedError">org.opentest4j.AssertionFailedError: Unexpected exception type thrown, expected: &lt;io.litterat.core.TypeException&gt; but was: &lt;io.litterat.bind.DataBindException&gt;
	at app/org.junit.jupiter.api@5.11.4/org.junit.jupiter.api.AssertionFailureBuilder.build(AssertionFailureBuilder.java:151)
	at app/org.junit.jupiter.api@5.11.4/org.junit.jupiter.api.AssertThrows.assertThrows(AssertThrows.java:67)
	at app/org.junit.jupiter.api@5.11.4/org.junit.jupiter.api.AssertThrows.assertThrows(AssertThrows.java:35)
	at app/org.junit.jupiter.api@5.11.4/org.junit.jupiter.api.Assertions.assertThrows(Assertions.java:3128)
	at app/io.litterat.test.core/io.litterat.test.core.SealedInterfaceUnionTest.testMapToObjectException(SealedInterfaceUnionTest.java:141)
	at java.base@23.0.1/java.lang.reflect.Method.invoke(Method.java:580)
	at java.base@23.0.1/java.util.ArrayList.forEach(ArrayList.java:1597)
	at java.base@23.0.1/java.util.ArrayList.forEach(ArrayList.java:1597)
Caused by: io.litterat.bind.DataBindException: Failed to convert class io.litterat.test.core.union.SealedInterfaceUnionList to Map
	at app/io.litterat.bind/io.litterat.bind.mapper.MapMapper.toMap(MapMapper.java:115)
	at app/io.litterat.bind/io.litterat.bind.mapper.MapMapper.toMap(MapMapper.java:42)
	at app/io.litterat.test.core/io.litterat.test.core.SealedInterfaceUnionTest.lambda$testMapToObjectException$0(SealedInterfaceUnionTest.java:142)
	at app/org.junit.jupiter.api@5.11.4/org.junit.jupiter.api.AssertThrows.assertThrows(AssertThrows.java:53)
	... 6 more
Caused by: io.litterat.bind.DataBindException: Failed to convert interface java.util.List to Map
	at app/io.litterat.bind/io.litterat.bind.mapper.MapMapper.toMap(MapMapper.java:115)
	at app/io.litterat.bind/io.litterat.bind.mapper.MapMapper.toMap(MapMapper.java:69)
	... 9 more
Caused by: io.litterat.bind.DataBindException: Failed to convert interface io.litterat.test.core.union.SealedInterfaceUnion to Map
	at app/io.litterat.bind/io.litterat.bind.mapper.MapMapper.toMap(MapMapper.java:115)
	at app/io.litterat.bind/io.litterat.bind.mapper.MapMapper.toMap(MapMapper.java:87)
	... 10 more
Caused by: java.lang.IllegalArgumentException: Class 'io.litterat.test.core.union.SealedInterfaceUnionRectangle' not a member of union type.
	at io.litterat.bind/io.litterat.bind.mapper.MapMapper.toMap(MapMapper.java:98)
	... 11 more
</failure>
  </testcase>
  <testcase name="testToArray()" classname="io.litterat.test.core.SealedInterfaceUnionTest" time="0.003"/>
  <testcase name="testToMap()" classname="io.litterat.test.core.SealedInterfaceUnionTest" time="0.003"/>
  <testcase name="checkDescriptor()" classname="io.litterat.test.core.SealedInterfaceUnionTest" time="0.002"/>
  <system-out><![CDATA[[{x=1, y=2, type=io.litterat.test.core.union.SealedInterfaceUnionPoint}, {x=3, y=4, radius=5, type=io.litterat.test.core.union.SealedInterfaceUnionCircle}]
]]></system-out>
  <system-err><![CDATA[]]></system-err>
</testsuite>
