<?xml version="1.0" encoding="UTF-8"?>
<testsuite name="io.litterat.test.core.FieldAnnotationImmutableTest" tests="1" skipped="0" failures="0" errors="0" timestamp="2025-01-02T01:06:28" hostname="Davids-MacBook-Air-2.local" time="0.004">
  <properties/>
  <testcase name="checkDescriptor()" classname="io.litterat.test.core.FieldAnnotationImmutableTest" time="0.004"/>
  <system-out><![CDATA[]]></system-out>
  <system-err><![CDATA[]]></system-err>
</testsuite>
