<?xml version="1.0" encoding="UTF-8"?>
<testsuite name="io.litterat.test.core.UUIDBridgeTest" tests="3" skipped="0" failures="0" errors="0" timestamp="2025-01-02T01:06:28" hostname="Davids-MacBook-Air-2.local" time="0.005">
  <properties/>
  <testcase name="testToArray()" classname="io.litterat.test.core.UUIDBridgeTest" time="0.002"/>
  <testcase name="testToMap()" classname="io.litterat.test.core.UUIDBridgeTest" time="0.001"/>
  <testcase name="checkDescriptor()" classname="io.litterat.test.core.UUIDBridgeTest" time="0.001"/>
  <system-out><![CDATA[]]></system-out>
  <system-err><![CDATA[]]></system-err>
</testsuite>
