<?xml version="1.0" encoding="UTF-8"?>
<testsuite name="io.litterat.test.core.OptionalPrimitivesMixedTest" tests="5" skipped="0" failures="0" errors="0" timestamp="2025-01-02T01:06:28" hostname="Davids-MacBook-Air-2.local" time="0.01">
  <properties/>
  <testcase name="test2ToArray()" classname="io.litterat.test.core.OptionalPrimitivesMixedTest" time="0.005"/>
  <testcase name="checkDescriptor()" classname="io.litterat.test.core.OptionalPrimitivesMixedTest" time="0.0"/>
  <testcase name="test1ToArray()" classname="io.litterat.test.core.OptionalPrimitivesMixedTest" time="0.0"/>
  <testcase name="test1ToMap()" classname="io.litterat.test.core.OptionalPrimitivesMixedTest" time="0.0"/>
  <testcase name="test2ToMap()" classname="io.litterat.test.core.OptionalPrimitivesMixedTest" time="0.001"/>
  <system-out><![CDATA[]]></system-out>
  <system-err><![CDATA[]]></system-err>
</testsuite>
